2023-03-16 21:11:13,940 [Worker-4: Loading available Gradle versions] INFO  o.e.b.c.i.u.g.PublishedGradleVersions - Gradle version information cache is out-of-date. Trying to update.
2023-03-16 21:12:00,497 [Worker-9: Importing Maven projects] INFO  o.e.m.c.i.l.LifecycleMappingFactory - Using org.eclipse.m2e.jdt.JarLifecycleMapping lifecycle mapping for MavenProject: com.myProject:fileManagerTool:0.0.1-SNAPSHOT @ C:\Users\Hemanth-chitti\Desktop\FIleManager Tool\Backend\fileManagerTool\fileManagerTool\pom.xml.
2023-03-16 21:12:02,613 [Worker-9: Importing Maven projects] INFO  o.e.m.j.i.AbstractJavaProjectConfigurator - Adding source folder /fileManagerTool/src/main/java
2023-03-16 21:12:02,614 [Worker-9: Importing Maven projects] INFO  o.e.m.j.i.AbstractJavaProjectConfigurator - Adding resource folder /fileManagerTool/src/main/resources
2023-03-16 21:12:02,632 [Worker-9: Importing Maven projects] INFO  o.e.m.j.i.AbstractJavaProjectConfigurator - Adding resource folder /fileManagerTool/src/main/resources
2023-03-16 21:12:02,639 [Worker-9: Importing Maven projects] INFO  o.e.m.j.i.AbstractJavaProjectConfigurator - Adding source folder /fileManagerTool/src/test/java
2023-03-16 21:12:03,833 [Worker-9: Importing Maven projects] INFO  o.e.m.c.i.p.ProjectConfigurationManager - Imported and configured 1 project(s) in 6 sec
2023-03-16 21:12:06,569 [Worker-7: Building] INFO  o.a.m.s.f.DefaultMavenResourcesFiltering - Copying 1 resource
2023-03-16 21:12:06,624 [Worker-7: Building] INFO  o.a.m.s.f.DefaultMavenResourcesFiltering - Copying 0 resource
2023-03-16 21:12:06,633 [Worker-7: Building] INFO  o.a.m.s.f.DefaultMavenResourcesFiltering - skip non existing resourceDirectory C:\Users\Hemanth-chitti\Desktop\FIleManager Tool\Backend\fileManagerTool\fileManagerTool\src\test\resources
2023-03-16 21:13:57,119 [Worker-9: Building] INFO  o.a.m.s.f.DefaultMavenResourcesFiltering - Copying 0 resource
2023-03-16 21:13:57,120 [Worker-9: Building] INFO  o.a.m.s.f.DefaultMavenResourcesFiltering - Copying 0 resource
2023-03-16 21:13:57,123 [Worker-9: Building] INFO  o.a.m.s.f.DefaultMavenResourcesFiltering - skip non existing resourceDirectory C:\Users\Hemanth-chitti\Desktop\FIleManager Tool\Backend\fileManagerTool\fileManagerTool\src\test\resources
2023-03-16 21:14:10,656 [Worker-3: Building] INFO  o.a.m.s.f.DefaultMavenResourcesFiltering - Copying 0 resource
2023-03-16 21:14:10,657 [Worker-3: Building] INFO  o.a.m.s.f.DefaultMavenResourcesFiltering - Copying 0 resource
2023-03-16 21:14:10,663 [Worker-3: Building] INFO  o.a.m.s.f.DefaultMavenResourcesFiltering - skip non existing resourceDirectory C:\Users\Hemanth-chitti\Desktop\FIleManager Tool\Backend\fileManagerTool\fileManagerTool\src\test\resources
2023-03-16 21:14:23,502 [Worker-2: Updating Maven Project] INFO  o.e.m.c.i.p.ProjectConfigurationManager - Update started
2023-03-16 21:14:24,184 [Worker-2: Updating Maven Project] INFO  o.e.m.c.i.l.LifecycleMappingFactory - Using org.eclipse.m2e.jdt.JarLifecycleMapping lifecycle mapping for MavenProject: com.myProject:fileManagerTool:0.0.1-SNAPSHOT @ C:\Users\Hemanth-chitti\Desktop\FIleManager Tool\Backend\fileManagerTool\fileManagerTool\pom.xml.
2023-03-16 21:14:24,943 [Worker-2: Updating Maven Project] INFO  o.e.m.j.i.AbstractJavaProjectConfigurator - Adding source folder /fileManagerTool/src/main/java
2023-03-16 21:14:24,945 [Worker-2: Updating Maven Project] INFO  o.e.m.j.i.AbstractJavaProjectConfigurator - Adding resource folder /fileManagerTool/src/main/resources
2023-03-16 21:14:24,946 [Worker-2: Updating Maven Project] INFO  o.e.m.j.i.AbstractJavaProjectConfigurator - Adding resource folder /fileManagerTool/src/main/resources
2023-03-16 21:14:24,948 [Worker-2: Updating Maven Project] INFO  o.e.m.j.i.AbstractJavaProjectConfigurator - Adding source folder /fileManagerTool/src/test/java
2023-03-16 21:14:25,322 [Worker-2: Updating Maven Project] INFO  o.e.m.c.i.p.ProjectConfigurationManager - Update completed: 1 sec
2023-03-16 21:14:26,691 [Worker-1: Building] INFO  o.a.m.s.f.DefaultMavenResourcesFiltering - Copying 1 resource
2023-03-16 21:14:26,736 [Worker-1: Building] INFO  o.a.m.s.f.DefaultMavenResourcesFiltering - Copying 0 resource
2023-03-16 21:14:26,752 [Worker-1: Building] INFO  o.a.m.s.f.DefaultMavenResourcesFiltering - skip non existing resourceDirectory C:\Users\Hemanth-chitti\Desktop\FIleManager Tool\Backend\fileManagerTool\fileManagerTool\src\test\resources
2023-03-16 21:14:46,605 [Worker-3: Building] INFO  o.a.m.s.f.DefaultMavenResourcesFiltering - Copying 1 resource
2023-03-16 21:14:46,626 [Worker-3: Building] INFO  o.a.m.s.f.DefaultMavenResourcesFiltering - Copying 0 resource
2023-03-16 21:14:46,632 [Worker-3: Building] INFO  o.a.m.s.f.DefaultMavenResourcesFiltering - skip non existing resourceDirectory C:\Users\Hemanth-chitti\Desktop\FIleManager Tool\Backend\fileManagerTool\fileManagerTool\src\test\resources
2023-03-16 21:15:03,704 [Worker-6: Building] INFO  o.a.m.s.f.DefaultMavenResourcesFiltering - Copying 1 resource
2023-03-16 21:15:03,726 [Worker-6: Building] INFO  o.a.m.s.f.DefaultMavenResourcesFiltering - Copying 0 resource
2023-03-16 21:15:03,731 [Worker-6: Building] INFO  o.a.m.s.f.DefaultMavenResourcesFiltering - skip non existing resourceDirectory C:\Users\Hemanth-chitti\Desktop\FIleManager Tool\Backend\fileManagerTool\fileManagerTool\src\test\resources
2023-03-16 21:18:50,986 [Worker-9: Building] INFO  o.a.m.s.f.DefaultMavenResourcesFiltering - Copying 1 resource
2023-03-16 21:18:51,001 [Worker-9: Building] INFO  o.a.m.s.f.DefaultMavenResourcesFiltering - Copying 0 resource
2023-03-16 21:18:51,005 [Worker-9: Building] INFO  o.a.m.s.f.DefaultMavenResourcesFiltering - skip non existing resourceDirectory C:\Users\Hemanth-chitti\Desktop\FIleManager Tool\Backend\fileManagerTool\fileManagerTool\src\test\resources
2023-03-16 21:19:04,047 [Worker-13: Building] INFO  o.a.m.s.f.DefaultMavenResourcesFiltering - Copying 1 resource
2023-03-16 21:19:04,052 [Worker-13: Building] INFO  o.a.m.s.f.DefaultMavenResourcesFiltering - Copying 0 resource
2023-03-16 21:19:04,056 [Worker-13: Building] INFO  o.a.m.s.f.DefaultMavenResourcesFiltering - skip non existing resourceDirectory C:\Users\Hemanth-chitti\Desktop\FIleManager Tool\Backend\fileManagerTool\fileManagerTool\src\test\resources
2023-03-16 21:19:18,291 [Worker-12: Building] INFO  o.a.m.s.f.DefaultMavenResourcesFiltering - Copying 1 resource
2023-03-16 21:19:18,296 [Worker-12: Building] INFO  o.a.m.s.f.DefaultMavenResourcesFiltering - Copying 0 resource
2023-03-16 21:19:18,298 [Worker-12: Building] INFO  o.a.m.s.f.DefaultMavenResourcesFiltering - skip non existing resourceDirectory C:\Users\Hemanth-chitti\Desktop\FIleManager Tool\Backend\fileManagerTool\fileManagerTool\src\test\resources
2023-03-16 21:19:34,959 [Worker-14: Building] INFO  o.a.m.s.f.DefaultMavenResourcesFiltering - Copying 1 resource
2023-03-16 21:19:34,967 [Worker-14: Building] INFO  o.a.m.s.f.DefaultMavenResourcesFiltering - Copying 0 resource
2023-03-16 21:19:34,969 [Worker-14: Building] INFO  o.a.m.s.f.DefaultMavenResourcesFiltering - skip non existing resourceDirectory C:\Users\Hemanth-chitti\Desktop\FIleManager Tool\Backend\fileManagerTool\fileManagerTool\src\test\resources
2023-03-16 21:20:35,373 [Worker-15: Building] INFO  o.a.m.s.f.DefaultMavenResourcesFiltering - Copying 1 resource
2023-03-16 21:20:35,379 [Worker-15: Building] INFO  o.a.m.s.f.DefaultMavenResourcesFiltering - Copying 0 resource
2023-03-16 21:20:35,383 [Worker-15: Building] INFO  o.a.m.s.f.DefaultMavenResourcesFiltering - skip non existing resourceDirectory C:\Users\Hemanth-chitti\Desktop\FIleManager Tool\Backend\fileManagerTool\fileManagerTool\src\test\resources
2023-03-16 21:20:49,301 [Worker-14: Building] INFO  o.a.m.s.f.DefaultMavenResourcesFiltering - Copying 1 resource
2023-03-16 21:20:49,308 [Worker-14: Building] INFO  o.a.m.s.f.DefaultMavenResourcesFiltering - Copying 0 resource
2023-03-16 21:20:49,312 [Worker-14: Building] INFO  o.a.m.s.f.DefaultMavenResourcesFiltering - skip non existing resourceDirectory C:\Users\Hemanth-chitti\Desktop\FIleManager Tool\Backend\fileManagerTool\fileManagerTool\src\test\resources
2023-03-16 21:22:06,604 [Worker-13: Building] INFO  o.a.m.s.f.DefaultMavenResourcesFiltering - Copying 1 resource
2023-03-16 21:22:06,610 [Worker-13: Building] INFO  o.a.m.s.f.DefaultMavenResourcesFiltering - Copying 0 resource
2023-03-16 21:22:06,614 [Worker-13: Building] INFO  o.a.m.s.f.DefaultMavenResourcesFiltering - skip non existing resourceDirectory C:\Users\Hemanth-chitti\Desktop\FIleManager Tool\Backend\fileManagerTool\fileManagerTool\src\test\resources
